<!DOCTYPE html PUBLIC "-//W3C//DTD XHTML 1.1//EN" "https://www.w3.org/TR/xhtml11/DTD/xhtml11.dtd">
<html xmlns="https://www.w3.org/1999/xhtml">
<head>
<meta http-equiv="content-type" content="text/html; charset=UTF-8"/>
<title>TestNG Report</title>
<style type="text/css">table {margin-bottom:10px;border-collapse:collapse;empty-cells:show}th,td {border:1px solid #009;padding:.25em .5em}th {vertical-align:bottom}td {vertical-align:top}table a {font-weight:bold}.stripe td {background-color: #E6EBF9}.num {text-align:right}.passedodd td {background-color: #3F3}.passedeven td {background-color: #0A0}.skippedodd td {background-color: #DDD}.skippedeven td {background-color: #CCC}.failedodd td,.attn {background-color: #F33}.failedeven td,.stripe .attn {background-color: #D00}.stacktrace {white-space:pre;font-family:monospace}.totop {font-size:85%;text-align:center;border-bottom:2px solid #000}.invisible {display:none}</style>
</head>
<body>
<table>
<tr><th>Test</th><th># Passed</th><th># Skipped</th><th># Retried</th><th># Failed</th><th>Time (ms)</th><th>Included Groups</th><th>Excluded Groups</th></tr>
<tr><th colspan="8">Suite</th></tr>
<tr><td><a href="#t0">BaseTest</a></td><td class="num">0</td><td class="num">0</td><td class="num">0</td><td class="num">0</td><td class="num">10</td><td></td><td></td></tr>
<tr class="stripe"><td><a href="#t1">Error Validations Test</a></td><td class="num">0</td><td class="num attn">1</td><td class="num">0</td><td class="num">0</td><td class="num">35</td><td></td><td></td></tr>
<tr><td><a href="#t2">Submit order Test</a></td><td class="num">0</td><td class="num attn">2</td><td class="num">0</td><td class="num">0</td><td class="num">168</td><td></td><td></td></tr>
<tr><th>Total</th><th class="num">0</th><th class="num attn">3</th><th class="num">0</th><th class="num">0</th><th class="num">213</th><th colspan="2"></th></tr>
</table>
<table id='summary'><thead><tr><th>Class</th><th>Method</th><th>Start</th><th>Time (ms)</th></tr></thead><tbody><tr><th colspan="4">Suite</th></tr></tbody><tbody id="t0"><tr><th colspan="4" class="invisible"/></tr></tbody>
<tbody id="t1"><tr><th colspan="4">Error Validations Test &#8212; failed (configuration methods)</th></tr><tr class="failedeven"><td rowspan="1">CompanyName.SeleniumFameworkDesign.Tests.ErrorValidations</td><td><a href="#m0">launchApplication</a></td><td rowspan="1">1736776824869</td><td rowspan="1">4</td></tr><tr><th colspan="4">Error Validations Test &#8212; skipped (configuration methods)</th></tr><tr class="skippedeven"><td rowspan="1">CompanyName.SeleniumFameworkDesign.Tests.ErrorValidations</td><td><a href="#m1">tearDown</a></td><td rowspan="1">1736776824885</td><td rowspan="1">0</td></tr><tr><th colspan="4">Error Validations Test &#8212; skipped</th></tr><tr class="skippedeven"><td rowspan="1">CompanyName.SeleniumFameworkDesign.Tests.ErrorValidations</td><td><a href="#m2">submitOrder</a></td><td rowspan="1">1736776824879</td><td rowspan="1">0</td></tr></tbody>
<tbody id="t2"><tr><th colspan="4">Submit order Test &#8212; failed (configuration methods)</th></tr><tr class="failedeven"><td rowspan="1">CompanyName.SeleniumFameworkDesign.Tests.SubmitorderTest</td><td><a href="#m3">launchApplication</a></td><td rowspan="1">1736776825062</td><td rowspan="1">1</td></tr><tr><th colspan="4">Submit order Test &#8212; skipped (configuration methods)</th></tr><tr class="skippedeven"><td rowspan="3">CompanyName.SeleniumFameworkDesign.Tests.SubmitorderTest</td><td><a href="#m4">launchApplication</a></td><td rowspan="1">1736776825071</td><td rowspan="1">0</td></tr><tr class="skippedeven"><td><a href="#m5">tearDown</a></td><td rowspan="2">1736776825068</td><td rowspan="2">0</td></tr><tr class="skippedeven"><td><a href="#m6">tearDown</a></td></tr><tr><th colspan="4">Submit order Test &#8212; skipped</th></tr><tr class="skippedeven"><td rowspan="2">CompanyName.SeleniumFameworkDesign.Tests.SubmitorderTest</td><td><a href="#m7">submitOrder</a></td><td rowspan="2">1736776825065</td><td rowspan="2">0</td></tr><tr class="skippedeven"><td><a href="#m8">submitOrder</a></td></tr></tbody>
</table>
<h2>BaseTest</h2><h2>Error Validations Test</h2><h3 id="m0">CompanyName.SeleniumFameworkDesign.Tests.ErrorValidations#launchApplication</h3><table class="result"><tr><th>Exception</th></tr><tr><td><div class="stacktrace">java.io.FileNotFoundException: C:\Users\Rohit\eclipse-workspace\SeleniumFameworkDesignsrc\main\java\CompanyName\resources\GlobalData.properties (The system cannot find the path specified)
	at java.base/java.io.FileInputStream.open0(Native Method)
	at java.base/java.io.FileInputStream.open(FileInputStream.java:213)
	at java.base/java.io.FileInputStream.&lt;init&gt;(FileInputStream.java:152)
	at java.base/java.io.FileInputStream.&lt;init&gt;(FileInputStream.java:106)
	at CompanyName.TestComponents.BaseTest.initializeDriver(BaseTest.java:34)
	at CompanyName.TestComponents.BaseTest.launchApplication(BaseTest.java:59)
	at java.base/java.util.ArrayList.forEach(ArrayList.java:1596)
... Removed 29 stack frames</div></td></tr></table><p class="totop"><a href="#summary">back to summary</a></p>
<h3 id="m1">CompanyName.SeleniumFameworkDesign.Tests.ErrorValidations#tearDown</h3><table class="result"><tr><th class="invisible"/></tr></table><p class="totop"><a href="#summary">back to summary</a></p>
<h3 id="m2">CompanyName.SeleniumFameworkDesign.Tests.ErrorValidations#submitOrder</h3><table class="result"><tr><th>Exception</th></tr><tr><td><div class="stacktrace">java.io.FileNotFoundException: C:\Users\Rohit\eclipse-workspace\SeleniumFameworkDesignsrc\main\java\CompanyName\resources\GlobalData.properties (The system cannot find the path specified)
	at java.base/java.io.FileInputStream.open0(Native Method)
	at java.base/java.io.FileInputStream.open(FileInputStream.java:213)
	at java.base/java.io.FileInputStream.&lt;init&gt;(FileInputStream.java:152)
	at java.base/java.io.FileInputStream.&lt;init&gt;(FileInputStream.java:106)
	at CompanyName.TestComponents.BaseTest.initializeDriver(BaseTest.java:34)
	at CompanyName.TestComponents.BaseTest.launchApplication(BaseTest.java:59)
	at java.base/java.util.ArrayList.forEach(ArrayList.java:1596)
... Removed 29 stack frames</div></td></tr></table><p class="totop"><a href="#summary">back to summary</a></p>
<h2>Submit order Test</h2><h3 id="m3">CompanyName.SeleniumFameworkDesign.Tests.SubmitorderTest#launchApplication</h3><table class="result"><tr><th>Exception</th></tr><tr><td><div class="stacktrace">java.io.FileNotFoundException: C:\Users\Rohit\eclipse-workspace\SeleniumFameworkDesignsrc\main\java\CompanyName\resources\GlobalData.properties (The system cannot find the path specified)
	at java.base/java.io.FileInputStream.open0(Native Method)
	at java.base/java.io.FileInputStream.open(FileInputStream.java:213)
	at java.base/java.io.FileInputStream.&lt;init&gt;(FileInputStream.java:152)
	at java.base/java.io.FileInputStream.&lt;init&gt;(FileInputStream.java:106)
	at CompanyName.TestComponents.BaseTest.initializeDriver(BaseTest.java:34)
	at CompanyName.TestComponents.BaseTest.launchApplication(BaseTest.java:59)
	at java.base/java.util.ArrayList.forEach(ArrayList.java:1596)
... Removed 29 stack frames</div></td></tr></table><p class="totop"><a href="#summary">back to summary</a></p>
<h3 id="m4">CompanyName.SeleniumFameworkDesign.Tests.SubmitorderTest#launchApplication</h3><table class="result"><tr><th class="invisible"/></tr></table><p class="totop"><a href="#summary">back to summary</a></p>
<h3 id="m5">CompanyName.SeleniumFameworkDesign.Tests.SubmitorderTest#tearDown</h3><table class="result"><tr><th class="invisible"/></tr></table><p class="totop"><a href="#summary">back to summary</a></p>
<h3 id="m6">CompanyName.SeleniumFameworkDesign.Tests.SubmitorderTest#tearDown</h3><table class="result"><tr><th class="invisible"/></tr></table><p class="totop"><a href="#summary">back to summary</a></p>
<h3 id="m7">CompanyName.SeleniumFameworkDesign.Tests.SubmitorderTest#submitOrder</h3><table class="result"><tr class="param"><th>Parameter #1</th></tr><tr class="param stripe"><td>{password=Edinrose@1, product=IPHONE 13 PRO, email=edinrose@gmail.com}</td></tr><tr><th>Exception</th></tr><tr><td><div class="stacktrace">java.io.FileNotFoundException: C:\Users\Rohit\eclipse-workspace\SeleniumFameworkDesignsrc\main\java\CompanyName\resources\GlobalData.properties (The system cannot find the path specified)
	at java.base/java.io.FileInputStream.open0(Native Method)
	at java.base/java.io.FileInputStream.open(FileInputStream.java:213)
	at java.base/java.io.FileInputStream.&lt;init&gt;(FileInputStream.java:152)
	at java.base/java.io.FileInputStream.&lt;init&gt;(FileInputStream.java:106)
	at CompanyName.TestComponents.BaseTest.initializeDriver(BaseTest.java:34)
	at CompanyName.TestComponents.BaseTest.launchApplication(BaseTest.java:59)
	at java.base/java.util.ArrayList.forEach(ArrayList.java:1596)
... Removed 29 stack frames</div></td></tr></table><p class="totop"><a href="#summary">back to summary</a></p>
<h3 id="m8">CompanyName.SeleniumFameworkDesign.Tests.SubmitorderTest#submitOrder</h3><table class="result"><tr class="param"><th>Parameter #1</th></tr><tr class="param stripe"><td>{password=sHETTY@46t877, product=ZARA COAT 3, email=shetty@gmail.com}</td></tr><tr><th>Exception</th></tr><tr><td><div class="stacktrace">java.io.FileNotFoundException: C:\Users\Rohit\eclipse-workspace\SeleniumFameworkDesignsrc\main\java\CompanyName\resources\GlobalData.properties (The system cannot find the path specified)
	at java.base/java.io.FileInputStream.open0(Native Method)
	at java.base/java.io.FileInputStream.open(FileInputStream.java:213)
	at java.base/java.io.FileInputStream.&lt;init&gt;(FileInputStream.java:152)
	at java.base/java.io.FileInputStream.&lt;init&gt;(FileInputStream.java:106)
	at CompanyName.TestComponents.BaseTest.initializeDriver(BaseTest.java:34)
	at CompanyName.TestComponents.BaseTest.launchApplication(BaseTest.java:59)
	at java.base/java.util.ArrayList.forEach(ArrayList.java:1596)
... Removed 29 stack frames</div></td></tr></table><p class="totop"><a href="#summary">back to summary</a></p>
</body>
</html>
